Using pre-set license
Built from '2020.3/release' branch; Version is '2020.3.7f1 (dd97f2c94397) revision 14522354'; Using compiler version '192528614'; Build Type 'Release'
OS: 'Windows 10 Home Single Language; OS build 19043.1288; Version 2009; 64bit' Language: 'tr' Physical Memory: 8090 MB
BatchMode: 1, IsHumanControllingUs: 0, StartBugReporterOnCrash: 0, Is64bit: 1, IsPro: 0

 COMMAND LINE ARGUMENTS:
K:\Unity Hub\2020.3.7f1\Editor\Unity.exe
-adb2
-batchMode
-noUpm
-name
AssetImportWorker2
-projectPath
K:/PROTOTYPES/BeAnAsset
-logFile
Logs/AssetImportWorker2.log
-srvPort
1233
Successfully changed project path to: K:/PROTOTYPES/BeAnAsset
K:/PROTOTYPES/BeAnAsset
Using Asset Import Pipeline V2.
Refreshing native plugins compatible for Editor in 51.99 ms, found 1 plugins.
Preloading 0 native plugins for Editor in 0.00 ms.
Initialize engine version: 2020.3.7f1 (dd97f2c94397)
[Subsystems] Discovering subsystems at path K:/Unity Hub/2020.3.7f1/Editor/Data/Resources/UnitySubsystems
[Subsystems] Discovering subsystems at path K:/PROTOTYPES/BeAnAsset/Assets
GfxDevice: creating device client; threaded=0
Direct3D:
    Version:  Direct3D 11.0 [level 11.0]
    Renderer: NVIDIA GeForce GTX 960M (ID=0x139b)
    Vendor:   
    VRAM:     4055 MB
    Driver:   30.0.14.9649
Initialize mono
Mono path[0] = 'K:/Unity Hub/2020.3.7f1/Editor/Data/Managed'
Mono path[1] = 'K:/Unity Hub/2020.3.7f1/Editor/Data/MonoBleedingEdge/lib/mono/unityjit'
Mono config path = 'K:/Unity Hub/2020.3.7f1/Editor/Data/MonoBleedingEdge/etc'
Using monoOptions --debugger-agent=transport=dt_socket,embedding=1,server=y,suspend=n,address=127.0.0.1:56744
Begin MonoManager ReloadAssembly
Registering precompiled unity dll's ...
Register platform support module: K:/Unity Hub/2020.3.7f1/Editor/Data/PlaybackEngines/WindowsStandaloneSupport/UnityEditor.WindowsStandalone.Extensions.dll
Registered in 0.001671 seconds.
Native extension for WindowsStandalone target not found
Refreshing native plugins compatible for Editor in 61.80 ms, found 1 plugins.
Preloading 0 native plugins for Editor in 0.00 ms.
Mono: successfully reloaded assembly
- Completed reload, in  1.590 seconds
Platform modules already initialized, skipping
Registering precompiled user dll's ...
Registered in 0.001120 seconds.
Begin MonoManager ReloadAssembly
Native extension for WindowsStandalone target not found
Refreshing native plugins compatible for Editor in 60.31 ms, found 1 plugins.
Preloading 0 native plugins for Editor in 0.00 ms.
Mono: successfully reloaded assembly
- Completed reload, in  3.285 seconds
Platform modules already initialized, skipping
========================================================================
Worker process is ready to serve import requests
Launched and connected shader compiler UnityShaderCompiler.exe after 0.26 seconds
Refreshing native plugins compatible for Editor in 0.40 ms, found 1 plugins.
Preloading 0 native plugins for Editor in 0.00 ms.
Unloading 1981 Unused Serialized files (Serialized files now loaded: 0)
System memory in use before: 92.6 MB.
System memory in use after: 92.6 MB.

Unloading 24 unused Assets to reduce memory usage. Loaded Objects now: 2425.
Total: 92.563800 ms (FindLiveObjects: 0.282700 ms CreateObjectMapping: 0.371500 ms MarkObjects: 78.008400 ms  DeleteObjects: 13.899300 ms)

========================================================================
Received Import Request.
  path: Assets/Sprites/Camp Objects/fullcamp.png
  artifactKey: Guid(9eb078240cc06134e8db563907d831e2) Importer(815301076,1909f56bfc062723c751e8b465ee728b)
Start importing Assets/Sprites/Camp Objects/fullcamp.png using Guid(9eb078240cc06134e8db563907d831e2) Importer(815301076,1909f56bfc062723c751e8b465ee728b)  -> (artifact id: '2e55022abdc5f568b834abd88831fbb4') in 0.610517 seconds
  Import took 0.637128 seconds .

========================================================================
Received Prepare
Registering precompiled user dll's ...
Registered in 0.001040 seconds.
Begin MonoManager ReloadAssembly
Native extension for WindowsStandalone target not found
Refreshing native plugins compatible for Editor in 0.44 ms, found 1 plugins.
Preloading 0 native plugins for Editor in 0.00 ms.
Mono: successfully reloaded assembly
- Completed reload, in  1.239 seconds
Platform modules already initialized, skipping
Refreshing native plugins compatible for Editor in 0.50 ms, found 1 plugins.
Preloading 0 native plugins for Editor in 0.00 ms.
Unloading 1961 Unused Serialized files (Serialized files now loaded: 0)
System memory in use before: 94.3 MB.
System memory in use after: 94.2 MB.

Unloading 13 unused Assets to reduce memory usage. Loaded Objects now: 2435.
Total: 3.603300 ms (FindLiveObjects: 0.824100 ms CreateObjectMapping: 0.168800 ms MarkObjects: 2.434800 ms  DeleteObjects: 0.173700 ms)

========================================================================
Received Prepare
Registering precompiled user dll's ...
Registered in 0.001643 seconds.
Begin MonoManager ReloadAssembly
Native extension for WindowsStandalone target not found
Refreshing native plugins compatible for Editor in 0.85 ms, found 1 plugins.
Preloading 0 native plugins for Editor in 0.00 ms.
Mono: successfully reloaded assembly
- Completed reload, in  1.293 seconds
Platform modules already initialized, skipping
Refreshing native plugins compatible for Editor in 0.49 ms, found 1 plugins.
Preloading 0 native plugins for Editor in 0.00 ms.
Unloading 1961 Unused Serialized files (Serialized files now loaded: 0)
System memory in use before: 94.3 MB.
System memory in use after: 94.3 MB.

Unloading 13 unused Assets to reduce memory usage. Loaded Objects now: 2439.
Total: 4.429200 ms (FindLiveObjects: 0.374300 ms CreateObjectMapping: 0.140000 ms MarkObjects: 3.754500 ms  DeleteObjects: 0.159400 ms)

========================================================================
Received Import Request.
  Time since last request: 207.549169 seconds.
  path: Assets/Sprites/Camp Objects/newfullcamp.png
  artifactKey: Guid(281f34053cc38024283ebe8e06ee09ed) Importer(815301076,1909f56bfc062723c751e8b465ee728b)
Start importing Assets/Sprites/Camp Objects/newfullcamp.png using Guid(281f34053cc38024283ebe8e06ee09ed) Importer(815301076,1909f56bfc062723c751e8b465ee728b)  -> (artifact id: 'ecb69c2ea2427e073d090f42f4dbb7d2') in 0.104157 seconds
  Import took 0.133672 seconds .

========================================================================
Received Import Request.
  Time since last request: 16.018085 seconds.
  path: Assets/Sprites/Camp Objects/newfullcamp.png
  artifactKey: Guid(281f34053cc38024283ebe8e06ee09ed) Importer(815301076,1909f56bfc062723c751e8b465ee728b)
Start importing Assets/Sprites/Camp Objects/newfullcamp.png using Guid(281f34053cc38024283ebe8e06ee09ed) Importer(815301076,1909f56bfc062723c751e8b465ee728b)  -> (artifact id: 'b7db10e823ad433181fb92eb67cea50f') in 0.009164 seconds
  Import took 0.021307 seconds .

========================================================================
Received Import Request.
  Time since last request: 0.031598 seconds.
  path: Assets/Sprites/Camp Objects/newfullcamp.png
  artifactKey: Guid(281f34053cc38024283ebe8e06ee09ed) Importer(815301076,1909f56bfc062723c751e8b465ee728b)
Start importing Assets/Sprites/Camp Objects/newfullcamp.png using Guid(281f34053cc38024283ebe8e06ee09ed) Importer(815301076,1909f56bfc062723c751e8b465ee728b)  -> (artifact id: 'b7db10e823ad433181fb92eb67cea50f') in 0.010640 seconds
  Import took 0.023161 seconds .

========================================================================
Received Import Request.
  Time since last request: 10.455341 seconds.
  path: Assets/Sprites/Camp Objects/newfullcamp.png
  artifactKey: Guid(281f34053cc38024283ebe8e06ee09ed) Importer(815301076,1909f56bfc062723c751e8b465ee728b)
Start importing Assets/Sprites/Camp Objects/newfullcamp.png using Guid(281f34053cc38024283ebe8e06ee09ed) Importer(815301076,1909f56bfc062723c751e8b465ee728b)  -> (artifact id: '04aa9454f2f99178f16fc0a90cf3bd94') in 0.048315 seconds
  Import took 0.054689 seconds .

========================================================================
Received Import Request.
  Time since last request: 45.969489 seconds.
  path: Assets/Sprites/Camp Objects/newfullcamp.png
  artifactKey: Guid(281f34053cc38024283ebe8e06ee09ed) Importer(815301076,1909f56bfc062723c751e8b465ee728b)
Start importing Assets/Sprites/Camp Objects/newfullcamp.png using Guid(281f34053cc38024283ebe8e06ee09ed) Importer(815301076,1909f56bfc062723c751e8b465ee728b)  -> (artifact id: '9fc02d25810c621b13a0e23ca46625df') in 0.015602 seconds
  Import took 0.027062 seconds .

========================================================================
Received Import Request.
  Time since last request: 0.004885 seconds.
  path: Assets/Sprites/Camp Objects/newfullcamp.png
  artifactKey: Guid(281f34053cc38024283ebe8e06ee09ed) Importer(815301076,1909f56bfc062723c751e8b465ee728b)
Start importing Assets/Sprites/Camp Objects/newfullcamp.png using Guid(281f34053cc38024283ebe8e06ee09ed) Importer(815301076,1909f56bfc062723c751e8b465ee728b)  -> (artifact id: '9fc02d25810c621b13a0e23ca46625df') in 0.012494 seconds
  Import took 0.016372 seconds .

========================================================================
Received Import Request.
  Time since last request: 5.430959 seconds.
  path: Assets/Sprites/Camp Objects/newfullcamp.png
  artifactKey: Guid(281f34053cc38024283ebe8e06ee09ed) Importer(815301076,1909f56bfc062723c751e8b465ee728b)
Start importing Assets/Sprites/Camp Objects/newfullcamp.png using Guid(281f34053cc38024283ebe8e06ee09ed) Importer(815301076,1909f56bfc062723c751e8b465ee728b)  -> (artifact id: '1b761d193f4cf712973c170376d36058') in 0.032698 seconds
  Import took 0.050531 seconds .

========================================================================
Received Import Request.
  Time since last request: 108.654306 seconds.
  path: Assets/Sprites/Camp Objects/newfullcamp.png
  artifactKey: Guid(281f34053cc38024283ebe8e06ee09ed) Importer(815301076,1909f56bfc062723c751e8b465ee728b)
Start importing Assets/Sprites/Camp Objects/newfullcamp.png using Guid(281f34053cc38024283ebe8e06ee09ed) Importer(815301076,1909f56bfc062723c751e8b465ee728b)  -> (artifact id: '179243ffbd574aec73e9cac6da758eff') in 0.026525 seconds
  Import took 0.036217 seconds .

========================================================================
Received Import Request.
  Time since last request: 14.924550 seconds.
  path: Assets/Sprites/Camp Objects/newfullcamp.png
  artifactKey: Guid(281f34053cc38024283ebe8e06ee09ed) Importer(815301076,1909f56bfc062723c751e8b465ee728b)
Start importing Assets/Sprites/Camp Objects/newfullcamp.png using Guid(281f34053cc38024283ebe8e06ee09ed) Importer(815301076,1909f56bfc062723c751e8b465ee728b)  -> (artifact id: '9913e9acac699a1ef229318769c8a225') in 0.014386 seconds
  Import took 0.031139 seconds .

========================================================================
Received Import Request.
  Time since last request: 0.005808 seconds.
  path: Assets/Sprites/Camp Objects/newfullcamp.png
  artifactKey: Guid(281f34053cc38024283ebe8e06ee09ed) Importer(815301076,1909f56bfc062723c751e8b465ee728b)
Start importing Assets/Sprites/Camp Objects/newfullcamp.png using Guid(281f34053cc38024283ebe8e06ee09ed) Importer(815301076,1909f56bfc062723c751e8b465ee728b)  -> (artifact id: '9913e9acac699a1ef229318769c8a225') in 0.016304 seconds
  Import took 0.022400 seconds .

========================================================================
Received Import Request.
  Time since last request: 41.797265 seconds.
  path: Assets/Sprites/Camp Objects/newnewfullcamp.png
  artifactKey: Guid(9cffcf3b0bfcf33488a154e1cf59465d) Importer(815301076,1909f56bfc062723c751e8b465ee728b)
Start importing Assets/Sprites/Camp Objects/newnewfullcamp.png using Guid(9cffcf3b0bfcf33488a154e1cf59465d) Importer(815301076,1909f56bfc062723c751e8b465ee728b)  -> (artifact id: 'cb242abc42975e3c625a75c4009979a1') in 0.021526 seconds
  Import took 0.031732 seconds .

========================================================================
Received Import Request.
  Time since last request: 12.948320 seconds.
  path: Assets/Sprites/Camp Objects/newnewfullcamp.png
  artifactKey: Guid(9cffcf3b0bfcf33488a154e1cf59465d) Importer(815301076,1909f56bfc062723c751e8b465ee728b)
Start importing Assets/Sprites/Camp Objects/newnewfullcamp.png using Guid(9cffcf3b0bfcf33488a154e1cf59465d) Importer(815301076,1909f56bfc062723c751e8b465ee728b)  -> (artifact id: 'f8699511d57a59b5d8c3a473134a4a77') in 0.032067 seconds
  Import took 0.037560 seconds .

========================================================================
Received Import Request.
  Time since last request: 0.004449 seconds.
  path: Assets/Sprites/Camp Objects/newnewfullcamp.png
  artifactKey: Guid(9cffcf3b0bfcf33488a154e1cf59465d) Importer(815301076,1909f56bfc062723c751e8b465ee728b)
Start importing Assets/Sprites/Camp Objects/newnewfullcamp.png using Guid(9cffcf3b0bfcf33488a154e1cf59465d) Importer(815301076,1909f56bfc062723c751e8b465ee728b)  -> (artifact id: 'f8699511d57a59b5d8c3a473134a4a77') in 0.015709 seconds
  Import took 0.021399 seconds .

========================================================================
Received Import Request.
  Time since last request: 2.935881 seconds.
  path: Assets/Sprites/Camp Objects/newnewfullcamp.png
  artifactKey: Guid(9cffcf3b0bfcf33488a154e1cf59465d) Importer(815301076,1909f56bfc062723c751e8b465ee728b)
Start importing Assets/Sprites/Camp Objects/newnewfullcamp.png using Guid(9cffcf3b0bfcf33488a154e1cf59465d) Importer(815301076,1909f56bfc062723c751e8b465ee728b)  -> (artifact id: 'cc2927f48a79ea95d83d5f4cb97e61c1') in 0.033551 seconds
  Import took 0.045421 seconds .

========================================================================
Received Import Request.
  Time since last request: 43.343721 seconds.
  path: Assets/Sprites/Camp Objects/newnewfullcamp.png
  artifactKey: Guid(9cffcf3b0bfcf33488a154e1cf59465d) Importer(815301076,1909f56bfc062723c751e8b465ee728b)
Start importing Assets/Sprites/Camp Objects/newnewfullcamp.png using Guid(9cffcf3b0bfcf33488a154e1cf59465d) Importer(815301076,1909f56bfc062723c751e8b465ee728b)  -> (artifact id: '4d1e772ad21a73bb1764a4480e37aa49') in 0.031809 seconds
  Import took 0.047088 seconds .

========================================================================
Received Import Request.
  Time since last request: 0.018026 seconds.
  path: Assets/Sprites/Camp Objects/newnewfullcamp.png
  artifactKey: Guid(9cffcf3b0bfcf33488a154e1cf59465d) Importer(815301076,1909f56bfc062723c751e8b465ee728b)
Start importing Assets/Sprites/Camp Objects/newnewfullcamp.png using Guid(9cffcf3b0bfcf33488a154e1cf59465d) Importer(815301076,1909f56bfc062723c751e8b465ee728b)  -> (artifact id: '4d1e772ad21a73bb1764a4480e37aa49') in 0.024077 seconds
  Import took 0.029348 seconds .

========================================================================
Received Prepare
Registering precompiled user dll's ...
Registered in 0.001313 seconds.
Begin MonoManager ReloadAssembly
Native extension for WindowsStandalone target not found
Refreshing native plugins compatible for Editor in 1.25 ms, found 1 plugins.
Preloading 0 native plugins for Editor in 0.00 ms.
Mono: successfully reloaded assembly
- Completed reload, in  1.307 seconds
Platform modules already initialized, skipping
Refreshing native plugins compatible for Editor in 0.42 ms, found 1 plugins.
Preloading 0 native plugins for Editor in 0.00 ms.
Unloading 1961 Unused Serialized files (Serialized files now loaded: 0)
System memory in use before: 94.3 MB.
System memory in use after: 94.3 MB.

Unloading 13 unused Assets to reduce memory usage. Loaded Objects now: 2446.
Total: 3.057500 ms (FindLiveObjects: 0.331600 ms CreateObjectMapping: 0.132400 ms MarkObjects: 2.428200 ms  DeleteObjects: 0.163800 ms)

========================================================================
Received Prepare
Registering precompiled user dll's ...
Registered in 0.002374 seconds.
Begin MonoManager ReloadAssembly
Native extension for WindowsStandalone target not found
Refreshing native plugins compatible for Editor in 0.51 ms, found 1 plugins.
Preloading 0 native plugins for Editor in 0.00 ms.
Mono: successfully reloaded assembly
- Completed reload, in  1.283 seconds
Platform modules already initialized, skipping
Refreshing native plugins compatible for Editor in 0.45 ms, found 1 plugins.
Preloading 0 native plugins for Editor in 0.00 ms.
Unloading 1961 Unused Serialized files (Serialized files now loaded: 0)
System memory in use before: 94.4 MB.
System memory in use after: 94.3 MB.

Unloading 13 unused Assets to reduce memory usage. Loaded Objects now: 2450.
Total: 2.680800 ms (FindLiveObjects: 0.262000 ms CreateObjectMapping: 0.102500 ms MarkObjects: 2.185800 ms  DeleteObjects: 0.128700 ms)

========================================================================
Received Prepare
Registering precompiled user dll's ...
Registered in 0.001050 seconds.
Begin MonoManager ReloadAssembly
Native extension for WindowsStandalone target not found
Refreshing native plugins compatible for Editor in 0.50 ms, found 1 plugins.
Preloading 0 native plugins for Editor in 0.00 ms.
Mono: successfully reloaded assembly
- Completed reload, in  1.305 seconds
Platform modules already initialized, skipping
Refreshing native plugins compatible for Editor in 0.43 ms, found 1 plugins.
Preloading 0 native plugins for Editor in 0.00 ms.
Unloading 1961 Unused Serialized files (Serialized files now loaded: 0)
System memory in use before: 94.4 MB.
System memory in use after: 94.4 MB.

Unloading 13 unused Assets to reduce memory usage. Loaded Objects now: 2454.
Total: 3.259600 ms (FindLiveObjects: 0.235100 ms CreateObjectMapping: 0.112900 ms MarkObjects: 2.724000 ms  DeleteObjects: 0.185600 ms)

========================================================================
Received Prepare
Registering precompiled user dll's ...
Registered in 0.001022 seconds.
Begin MonoManager ReloadAssembly
Native extension for WindowsStandalone target not found
Refreshing native plugins compatible for Editor in 0.41 ms, found 1 plugins.
Preloading 0 native plugins for Editor in 0.00 ms.
Mono: successfully reloaded assembly
- Completed reload, in  1.277 seconds
Platform modules already initialized, skipping
Refreshing native plugins compatible for Editor in 0.43 ms, found 1 plugins.
Preloading 0 native plugins for Editor in 0.00 ms.
Unloading 1961 Unused Serialized files (Serialized files now loaded: 0)
System memory in use before: 94.4 MB.
System memory in use after: 94.4 MB.

Unloading 13 unused Assets to reduce memory usage. Loaded Objects now: 2458.
Total: 3.374300 ms (FindLiveObjects: 0.607800 ms CreateObjectMapping: 0.193500 ms MarkObjects: 2.367500 ms  DeleteObjects: 0.203100 ms)

========================================================================
Received Prepare
Registering precompiled user dll's ...
Registered in 0.001716 seconds.
Begin MonoManager ReloadAssembly
Native extension for WindowsStandalone target not found
Refreshing native plugins compatible for Editor in 0.50 ms, found 1 plugins.
Preloading 0 native plugins for Editor in 0.00 ms.
Mono: successfully reloaded assembly
- Completed reload, in  1.395 seconds
Platform modules already initialized, skipping
Refreshing native plugins compatible for Editor in 0.83 ms, found 1 plugins.
Preloading 0 native plugins for Editor in 0.00 ms.
Unloading 1961 Unused Serialized files (Serialized files now loaded: 0)
System memory in use before: 94.4 MB.
System memory in use after: 94.4 MB.

Unloading 13 unused Assets to reduce memory usage. Loaded Objects now: 2462.
Total: 3.103100 ms (FindLiveObjects: 0.309000 ms CreateObjectMapping: 0.128900 ms MarkObjects: 2.475200 ms  DeleteObjects: 0.188200 ms)

========================================================================
Received Prepare
Registering precompiled user dll's ...
Registered in 0.001067 seconds.
Begin MonoManager ReloadAssembly
Native extension for WindowsStandalone target not found
Refreshing native plugins compatible for Editor in 0.54 ms, found 1 plugins.
Preloading 0 native plugins for Editor in 0.00 ms.
Mono: successfully reloaded assembly
- Completed reload, in  1.263 seconds
Platform modules already initialized, skipping
Refreshing native plugins compatible for Editor in 0.49 ms, found 1 plugins.
Preloading 0 native plugins for Editor in 0.00 ms.
Unloading 1961 Unused Serialized files (Serialized files now loaded: 0)
System memory in use before: 94.4 MB.
System memory in use after: 94.4 MB.

Unloading 13 unused Assets to reduce memory usage. Loaded Objects now: 2466.
Total: 3.942900 ms (FindLiveObjects: 0.652300 ms CreateObjectMapping: 0.322800 ms MarkObjects: 2.816000 ms  DeleteObjects: 0.145200 ms)

========================================================================
Received Prepare
Registering precompiled user dll's ...
Registered in 0.001034 seconds.
Begin MonoManager ReloadAssembly
Native extension for WindowsStandalone target not found
Refreshing native plugins compatible for Editor in 0.38 ms, found 1 plugins.
Preloading 0 native plugins for Editor in 0.00 ms.
Mono: successfully reloaded assembly
- Completed reload, in  1.312 seconds
Platform modules already initialized, skipping
Refreshing native plugins compatible for Editor in 0.57 ms, found 1 plugins.
Preloading 0 native plugins for Editor in 0.00 ms.
Unloading 1961 Unused Serialized files (Serialized files now loaded: 0)
System memory in use before: 94.4 MB.
System memory in use after: 94.4 MB.

Unloading 13 unused Assets to reduce memory usage. Loaded Objects now: 2470.
Total: 3.927600 ms (FindLiveObjects: 0.757700 ms CreateObjectMapping: 0.112600 ms MarkObjects: 2.860400 ms  DeleteObjects: 0.192600 ms)

========================================================================
Received Prepare
Registering precompiled user dll's ...
Registered in 0.001325 seconds.
Begin MonoManager ReloadAssembly
Native extension for WindowsStandalone target not found
Refreshing native plugins compatible for Editor in 0.63 ms, found 1 plugins.
Preloading 0 native plugins for Editor in 0.00 ms.
Mono: successfully reloaded assembly
- Completed reload, in  1.287 seconds
Platform modules already initialized, skipping
Refreshing native plugins compatible for Editor in 0.88 ms, found 1 plugins.
Preloading 0 native plugins for Editor in 0.00 ms.
Unloading 1961 Unused Serialized files (Serialized files now loaded: 0)
System memory in use before: 94.4 MB.
System memory in use after: 94.4 MB.

Unloading 13 unused Assets to reduce memory usage. Loaded Objects now: 2474.
Total: 3.396100 ms (FindLiveObjects: 0.224000 ms CreateObjectMapping: 0.076500 ms MarkObjects: 2.895000 ms  DeleteObjects: 0.180500 ms)

========================================================================
Received Prepare
Registering precompiled user dll's ...
Registered in 0.001086 seconds.
Begin MonoManager ReloadAssembly
Native extension for WindowsStandalone target not found
Refreshing native plugins compatible for Editor in 0.53 ms, found 1 plugins.
Preloading 0 native plugins for Editor in 0.00 ms.
Mono: successfully reloaded assembly
- Completed reload, in  1.339 seconds
Platform modules already initialized, skipping
Refreshing native plugins compatible for Editor in 0.44 ms, found 1 plugins.
Preloading 0 native plugins for Editor in 0.00 ms.
Unloading 1961 Unused Serialized files (Serialized files now loaded: 0)
System memory in use before: 94.4 MB.
System memory in use after: 94.4 MB.

Unloading 13 unused Assets to reduce memory usage. Loaded Objects now: 2478.
Total: 4.824900 ms (FindLiveObjects: 0.314800 ms CreateObjectMapping: 0.214100 ms MarkObjects: 4.102800 ms  DeleteObjects: 0.191400 ms)

========================================================================
Received Prepare
Registering precompiled user dll's ...
Registered in 0.001284 seconds.
Begin MonoManager ReloadAssembly
Native extension for WindowsStandalone target not found
Refreshing native plugins compatible for Editor in 0.60 ms, found 1 plugins.
Preloading 0 native plugins for Editor in 0.00 ms.
Mono: successfully reloaded assembly
- Completed reload, in  1.514 seconds
Platform modules already initialized, skipping
Refreshing native plugins compatible for Editor in 0.56 ms, found 1 plugins.
Preloading 0 native plugins for Editor in 0.00 ms.
Unloading 1962 Unused Serialized files (Serialized files now loaded: 0)
System memory in use before: 94.5 MB.
System memory in use after: 94.4 MB.

Unloading 13 unused Assets to reduce memory usage. Loaded Objects now: 2483.
Total: 2.715600 ms (FindLiveObjects: 0.200200 ms CreateObjectMapping: 0.082700 ms MarkObjects: 2.267200 ms  DeleteObjects: 0.164300 ms)

========================================================================
Received Import Request.
  Time since last request: 709.914663 seconds.
  path: Assets/CampCam.cs
  artifactKey: Guid(e5e804d9bfca1594d8972f133e8eaaf2) Importer(815301076,1909f56bfc062723c751e8b465ee728b)
Start importing Assets/CampCam.cs using Guid(e5e804d9bfca1594d8972f133e8eaaf2) Importer(815301076,1909f56bfc062723c751e8b465ee728b)  -> (artifact id: '398c038f24512d2f0c61207abf803ed8') in 0.013839 seconds
  Import took 0.067864 seconds .

========================================================================
Received Prepare
Registering precompiled user dll's ...
Registered in 0.001516 seconds.
Begin MonoManager ReloadAssembly
Native extension for WindowsStandalone target not found
Refreshing native plugins compatible for Editor in 0.43 ms, found 1 plugins.
Preloading 0 native plugins for Editor in 0.00 ms.
Mono: successfully reloaded assembly
- Completed reload, in  1.500 seconds
Platform modules already initialized, skipping
Refreshing native plugins compatible for Editor in 0.48 ms, found 1 plugins.
Preloading 0 native plugins for Editor in 0.00 ms.
Unloading 1962 Unused Serialized files (Serialized files now loaded: 0)
System memory in use before: 94.5 MB.
System memory in use after: 94.4 MB.

Unloading 13 unused Assets to reduce memory usage. Loaded Objects now: 2487.
Total: 2.918400 ms (FindLiveObjects: 0.432900 ms CreateObjectMapping: 0.133400 ms MarkObjects: 2.175200 ms  DeleteObjects: 0.174800 ms)

========================================================================
Received Prepare
Registering precompiled user dll's ...
Registered in 0.001541 seconds.
Begin MonoManager ReloadAssembly
Native extension for WindowsStandalone target not found
Refreshing native plugins compatible for Editor in 0.40 ms, found 1 plugins.
Preloading 0 native plugins for Editor in 0.00 ms.
Mono: successfully reloaded assembly
- Completed reload, in  1.407 seconds
Platform modules already initialized, skipping
Refreshing native plugins compatible for Editor in 0.48 ms, found 1 plugins.
Preloading 0 native plugins for Editor in 0.00 ms.
Unloading 1962 Unused Serialized files (Serialized files now loaded: 0)
System memory in use before: 94.5 MB.
System memory in use after: 94.5 MB.

Unloading 13 unused Assets to reduce memory usage. Loaded Objects now: 2491.
Total: 3.772200 ms (FindLiveObjects: 0.287800 ms CreateObjectMapping: 0.080600 ms MarkObjects: 3.047600 ms  DeleteObjects: 0.354100 ms)

========================================================================
Received Import Request.
  Time since last request: 16.797416 seconds.
  path: Assets/newcam.cs
  artifactKey: Guid(4542ca20c259ce645b4797d8e0738c8a) Importer(815301076,1909f56bfc062723c751e8b465ee728b)
Start importing Assets/newcam.cs using Guid(4542ca20c259ce645b4797d8e0738c8a) Importer(815301076,1909f56bfc062723c751e8b465ee728b)  -> (artifact id: 'd3b9bd22066cae8324b96ec3c0a3f067') in 0.005471 seconds
  Import took 0.040925 seconds .

========================================================================
Received Prepare
Registering precompiled user dll's ...
Registered in 0.001665 seconds.
Begin MonoManager ReloadAssembly
Native extension for WindowsStandalone target not found
Refreshing native plugins compatible for Editor in 0.59 ms, found 1 plugins.
Preloading 0 native plugins for Editor in 0.00 ms.
Mono: successfully reloaded assembly
- Completed reload, in  1.410 seconds
Platform modules already initialized, skipping
Refreshing native plugins compatible for Editor in 1.65 ms, found 1 plugins.
Preloading 0 native plugins for Editor in 0.00 ms.
Unloading 1962 Unused Serialized files (Serialized files now loaded: 0)
System memory in use before: 94.5 MB.
System memory in use after: 94.5 MB.

Unloading 13 unused Assets to reduce memory usage. Loaded Objects now: 2495.
Total: 4.155400 ms (FindLiveObjects: 0.551600 ms CreateObjectMapping: 0.121000 ms MarkObjects: 3.295100 ms  DeleteObjects: 0.185500 ms)

========================================================================
Received Import Request.
  Time since last request: 29.532530 seconds.
  path: Assets/newcam.cs
  artifactKey: Guid(4542ca20c259ce645b4797d8e0738c8a) Importer(815301076,1909f56bfc062723c751e8b465ee728b)
Start importing Assets/newcam.cs using Guid(4542ca20c259ce645b4797d8e0738c8a) Importer(815301076,1909f56bfc062723c751e8b465ee728b)  -> (artifact id: 'cde5a3beb2beaf5dc2eb396b5b203eb8') in 0.007278 seconds
  Import took 0.037773 seconds .

========================================================================
Received Prepare
Registering precompiled user dll's ...
Registered in 0.001043 seconds.
Begin MonoManager ReloadAssembly
Native extension for WindowsStandalone target not found
Refreshing native plugins compatible for Editor in 0.39 ms, found 1 plugins.
Preloading 0 native plugins for Editor in 0.00 ms.
Mono: successfully reloaded assembly
- Completed reload, in  1.298 seconds
Platform modules already initialized, skipping
Refreshing native plugins compatible for Editor in 0.58 ms, found 1 plugins.
Preloading 0 native plugins for Editor in 0.00 ms.
Unloading 1962 Unused Serialized files (Serialized files now loaded: 0)
System memory in use before: 94.5 MB.
System memory in use after: 94.5 MB.

Unloading 13 unused Assets to reduce memory usage. Loaded Objects now: 2499.
Total: 4.743300 ms (FindLiveObjects: 0.792100 ms CreateObjectMapping: 0.244600 ms MarkObjects: 3.502100 ms  DeleteObjects: 0.202000 ms)

========================================================================
Received Prepare
Registering precompiled user dll's ...
Registered in 0.001098 seconds.
Begin MonoManager ReloadAssembly
Native extension for WindowsStandalone target not found
Refreshing native plugins compatible for Editor in 0.39 ms, found 1 plugins.
Preloading 0 native plugins for Editor in 0.00 ms.
Mono: successfully reloaded assembly
- Completed reload, in  1.304 seconds
Platform modules already initialized, skipping
Refreshing native plugins compatible for Editor in 0.43 ms, found 1 plugins.
Preloading 0 native plugins for Editor in 0.00 ms.
Unloading 1962 Unused Serialized files (Serialized files now loaded: 0)
System memory in use before: 94.5 MB.
System memory in use after: 94.5 MB.

Unloading 13 unused Assets to reduce memory usage. Loaded Objects now: 2503.
Total: 3.052700 ms (FindLiveObjects: 0.427400 ms CreateObjectMapping: 0.117300 ms MarkObjects: 2.356100 ms  DeleteObjects: 0.150700 ms)

========================================================================
Received Prepare
Registering precompiled user dll's ...
Registered in 0.002416 seconds.
Begin MonoManager ReloadAssembly
Native extension for WindowsStandalone target not found
Refreshing native plugins compatible for Editor in 0.45 ms, found 1 plugins.
Preloading 0 native plugins for Editor in 0.00 ms.
Mono: successfully reloaded assembly
- Completed reload, in  1.243 seconds
Platform modules already initialized, skipping
Refreshing native plugins compatible for Editor in 0.69 ms, found 1 plugins.
Preloading 0 native plugins for Editor in 0.00 ms.
Unloading 1962 Unused Serialized files (Serialized files now loaded: 0)
System memory in use before: 94.5 MB.
System memory in use after: 94.5 MB.

Unloading 13 unused Assets to reduce memory usage. Loaded Objects now: 2507.
Total: 3.319700 ms (FindLiveObjects: 0.231800 ms CreateObjectMapping: 0.129400 ms MarkObjects: 2.696900 ms  DeleteObjects: 0.259400 ms)

========================================================================
Received Prepare
Registering precompiled user dll's ...
Registered in 0.001509 seconds.
Begin MonoManager ReloadAssembly
Native extension for WindowsStandalone target not found
Refreshing native plugins compatible for Editor in 0.43 ms, found 1 plugins.
Preloading 0 native plugins for Editor in 0.00 ms.
Mono: successfully reloaded assembly
- Completed reload, in  1.248 seconds
Platform modules already initialized, skipping
Refreshing native plugins compatible for Editor in 0.51 ms, found 1 plugins.
Preloading 0 native plugins for Editor in 0.00 ms.
Unloading 1962 Unused Serialized files (Serialized files now loaded: 0)
System memory in use before: 94.5 MB.
System memory in use after: 94.5 MB.

Unloading 13 unused Assets to reduce memory usage. Loaded Objects now: 2511.
Total: 3.256100 ms (FindLiveObjects: 0.444300 ms CreateObjectMapping: 0.158900 ms MarkObjects: 2.491400 ms  DeleteObjects: 0.158900 ms)

========================================================================
Received Prepare
Registering precompiled user dll's ...
Registered in 0.001008 seconds.
Begin MonoManager ReloadAssembly
Native extension for WindowsStandalone target not found
Refreshing native plugins compatible for Editor in 0.50 ms, found 1 plugins.
Preloading 0 native plugins for Editor in 0.00 ms.
Mono: successfully reloaded assembly
- Completed reload, in  1.282 seconds
Platform modules already initialized, skipping
Refreshing native plugins compatible for Editor in 0.69 ms, found 1 plugins.
Preloading 0 native plugins for Editor in 0.00 ms.
Unloading 1962 Unused Serialized files (Serialized files now loaded: 0)
System memory in use before: 94.5 MB.
System memory in use after: 94.5 MB.

Unloading 13 unused Assets to reduce memory usage. Loaded Objects now: 2515.
Total: 3.079300 ms (FindLiveObjects: 0.404800 ms CreateObjectMapping: 0.199600 ms MarkObjects: 2.341000 ms  DeleteObjects: 0.132200 ms)

========================================================================
Received Prepare
Registering precompiled user dll's ...
Registered in 0.000954 seconds.
Begin MonoManager ReloadAssembly
Native extension for WindowsStandalone target not found
Refreshing native plugins compatible for Editor in 0.51 ms, found 1 plugins.
Preloading 0 native plugins for Editor in 0.00 ms.
Mono: successfully reloaded assembly
- Completed reload, in  1.269 seconds
Platform modules already initialized, skipping
Refreshing native plugins compatible for Editor in 1.27 ms, found 1 plugins.
Preloading 0 native plugins for Editor in 0.00 ms.
Unloading 1962 Unused Serialized files (Serialized files now loaded: 0)
System memory in use before: 94.6 MB.
System memory in use after: 94.5 MB.

Unloading 13 unused Assets to reduce memory usage. Loaded Objects now: 2519.
Total: 3.056400 ms (FindLiveObjects: 0.308600 ms CreateObjectMapping: 0.092100 ms MarkObjects: 2.456800 ms  DeleteObjects: 0.197200 ms)

========================================================================
Received Prepare
Registering precompiled user dll's ...
Registered in 0.001061 seconds.
Begin MonoManager ReloadAssembly
Native extension for WindowsStandalone target not found
Refreshing native plugins compatible for Editor in 0.44 ms, found 1 plugins.
Preloading 0 native plugins for Editor in 0.00 ms.
Mono: successfully reloaded assembly
- Completed reload, in  1.369 seconds
Platform modules already initialized, skipping
Refreshing native plugins compatible for Editor in 0.48 ms, found 1 plugins.
Preloading 0 native plugins for Editor in 0.00 ms.
Unloading 1962 Unused Serialized files (Serialized files now loaded: 0)
System memory in use before: 94.6 MB.
System memory in use after: 94.5 MB.

Unloading 13 unused Assets to reduce memory usage. Loaded Objects now: 2523.
Total: 4.037300 ms (FindLiveObjects: 0.971100 ms CreateObjectMapping: 0.513500 ms MarkObjects: 2.359400 ms  DeleteObjects: 0.191000 ms)

========================================================================
Received Prepare
Registering precompiled user dll's ...
Registered in 0.000974 seconds.
Begin MonoManager ReloadAssembly
Native extension for WindowsStandalone target not found
Refreshing native plugins compatible for Editor in 0.45 ms, found 1 plugins.
Preloading 0 native plugins for Editor in 0.00 ms.
Mono: successfully reloaded assembly
- Completed reload, in  1.222 seconds
Platform modules already initialized, skipping
Refreshing native plugins compatible for Editor in 0.45 ms, found 1 plugins.
Preloading 0 native plugins for Editor in 0.00 ms.
Unloading 1962 Unused Serialized files (Serialized files now loaded: 0)
System memory in use before: 94.6 MB.
System memory in use after: 94.5 MB.

Unloading 13 unused Assets to reduce memory usage. Loaded Objects now: 2527.
Total: 3.471000 ms (FindLiveObjects: 0.433800 ms CreateObjectMapping: 0.212400 ms MarkObjects: 2.658300 ms  DeleteObjects: 0.164700 ms)

========================================================================
Received Prepare
Registering precompiled user dll's ...
Registered in 0.000991 seconds.
Begin MonoManager ReloadAssembly
Native extension for WindowsStandalone target not found
Refreshing native plugins compatible for Editor in 0.38 ms, found 1 plugins.
Preloading 0 native plugins for Editor in 0.00 ms.
Mono: successfully reloaded assembly
- Completed reload, in  1.207 seconds
Platform modules already initialized, skipping
Refreshing native plugins compatible for Editor in 0.66 ms, found 1 plugins.
Preloading 0 native plugins for Editor in 0.00 ms.
Unloading 1962 Unused Serialized files (Serialized files now loaded: 0)
System memory in use before: 94.6 MB.
System memory in use after: 94.6 MB.

Unloading 13 unused Assets to reduce memory usage. Loaded Objects now: 2531.
Total: 3.205200 ms (FindLiveObjects: 0.365500 ms CreateObjectMapping: 0.169900 ms MarkObjects: 2.463400 ms  DeleteObjects: 0.205000 ms)

========================================================================
Received Prepare
Registering precompiled user dll's ...
Registered in 0.001029 seconds.
Begin MonoManager ReloadAssembly
Native extension for WindowsStandalone target not found
Refreshing native plugins compatible for Editor in 0.46 ms, found 1 plugins.
Preloading 0 native plugins for Editor in 0.00 ms.
Mono: successfully reloaded assembly
- Completed reload, in  1.254 seconds
Platform modules already initialized, skipping
Refreshing native plugins compatible for Editor in 0.60 ms, found 1 plugins.
Preloading 0 native plugins for Editor in 0.00 ms.
Unloading 1962 Unused Serialized files (Serialized files now loaded: 0)
System memory in use before: 94.6 MB.
System memory in use after: 94.6 MB.

Unloading 13 unused Assets to reduce memory usage. Loaded Objects now: 2535.
Total: 3.781000 ms (FindLiveObjects: 0.236900 ms CreateObjectMapping: 0.090500 ms MarkObjects: 3.269200 ms  DeleteObjects: 0.182400 ms)

========================================================================
Received Prepare
Registering precompiled user dll's ...
Registered in 0.001330 seconds.
Begin MonoManager ReloadAssembly
Native extension for WindowsStandalone target not found
Refreshing native plugins compatible for Editor in 0.47 ms, found 1 plugins.
Preloading 0 native plugins for Editor in 0.00 ms.
Mono: successfully reloaded assembly
- Completed reload, in  1.328 seconds
Platform modules already initialized, skipping
Refreshing native plugins compatible for Editor in 0.43 ms, found 1 plugins.
Preloading 0 native plugins for Editor in 0.00 ms.
Unloading 1962 Unused Serialized files (Serialized files now loaded: 0)
System memory in use before: 94.6 MB.
System memory in use after: 94.5 MB.

Unloading 13 unused Assets to reduce memory usage. Loaded Objects now: 2539.
Total: 3.744400 ms (FindLiveObjects: 0.764100 ms CreateObjectMapping: 0.399600 ms MarkObjects: 2.430500 ms  DeleteObjects: 0.148600 ms)

========================================================================
Received Prepare
Registering precompiled user dll's ...
Registered in 0.001239 seconds.
Begin MonoManager ReloadAssembly
Native extension for WindowsStandalone target not found
Refreshing native plugins compatible for Editor in 0.56 ms, found 1 plugins.
Preloading 0 native plugins for Editor in 0.00 ms.
Mono: successfully reloaded assembly
- Completed reload, in  1.254 seconds
Platform modules already initialized, skipping
Refreshing native plugins compatible for Editor in 0.49 ms, found 1 plugins.
Preloading 0 native plugins for Editor in 0.00 ms.
Unloading 1962 Unused Serialized files (Serialized files now loaded: 0)
System memory in use before: 94.6 MB.
System memory in use after: 94.6 MB.

Unloading 13 unused Assets to reduce memory usage. Loaded Objects now: 2543.
Total: 2.688400 ms (FindLiveObjects: 0.252900 ms CreateObjectMapping: 0.092900 ms MarkObjects: 2.174600 ms  DeleteObjects: 0.166800 ms)

========================================================================
Received Prepare
Registering precompiled user dll's ...
Registered in 0.001061 seconds.
Begin MonoManager ReloadAssembly
Native extension for WindowsStandalone target not found
Refreshing native plugins compatible for Editor in 0.38 ms, found 1 plugins.
Preloading 0 native plugins for Editor in 0.00 ms.
Mono: successfully reloaded assembly
- Completed reload, in  1.236 seconds
Platform modules already initialized, skipping
Refreshing native plugins compatible for Editor in 0.43 ms, found 1 plugins.
Preloading 0 native plugins for Editor in 0.00 ms.
Unloading 1962 Unused Serialized files (Serialized files now loaded: 0)
System memory in use before: 94.6 MB.
System memory in use after: 94.6 MB.

Unloading 13 unused Assets to reduce memory usage. Loaded Objects now: 2547.
Total: 3.052200 ms (FindLiveObjects: 0.541200 ms CreateObjectMapping: 0.152300 ms MarkObjects: 2.191500 ms  DeleteObjects: 0.165500 ms)

========================================================================
Received Prepare
Registering precompiled user dll's ...
Registered in 0.001697 seconds.
Begin MonoManager ReloadAssembly
Native extension for WindowsStandalone target not found
Refreshing native plugins compatible for Editor in 0.40 ms, found 1 plugins.
Preloading 0 native plugins for Editor in 0.00 ms.
Mono: successfully reloaded assembly
- Completed reload, in  1.231 seconds
Platform modules already initialized, skipping
Refreshing native plugins compatible for Editor in 0.42 ms, found 1 plugins.
Preloading 0 native plugins for Editor in 0.00 ms.
Unloading 1962 Unused Serialized files (Serialized files now loaded: 0)
System memory in use before: 94.6 MB.
System memory in use after: 94.6 MB.

Unloading 13 unused Assets to reduce memory usage. Loaded Objects now: 2551.
Total: 3.367200 ms (FindLiveObjects: 0.407000 ms CreateObjectMapping: 0.122200 ms MarkObjects: 2.651700 ms  DeleteObjects: 0.184700 ms)

========================================================================
Received Prepare
Registering precompiled user dll's ...
Registered in 0.000979 seconds.
Begin MonoManager ReloadAssembly
Native extension for WindowsStandalone target not found
Refreshing native plugins compatible for Editor in 0.99 ms, found 1 plugins.
Preloading 0 native plugins for Editor in 0.00 ms.
Mono: successfully reloaded assembly
- Completed reload, in  1.410 seconds
Platform modules already initialized, skipping
Refreshing native plugins compatible for Editor in 0.63 ms, found 1 plugins.
Preloading 0 native plugins for Editor in 0.00 ms.
Unloading 1962 Unused Serialized files (Serialized files now loaded: 0)
System memory in use before: 94.6 MB.
System memory in use after: 94.6 MB.

Unloading 13 unused Assets to reduce memory usage. Loaded Objects now: 2555.
Total: 3.528600 ms (FindLiveObjects: 0.489400 ms CreateObjectMapping: 0.207700 ms MarkObjects: 2.697000 ms  DeleteObjects: 0.132900 ms)

========================================================================
Received Prepare
Registering precompiled user dll's ...
Registered in 0.001413 seconds.
Begin MonoManager ReloadAssembly
Native extension for WindowsStandalone target not found
Refreshing native plugins compatible for Editor in 0.46 ms, found 1 plugins.
Preloading 0 native plugins for Editor in 0.00 ms.
Mono: successfully reloaded assembly
- Completed reload, in  1.407 seconds
Platform modules already initialized, skipping
Refreshing native plugins compatible for Editor in 0.95 ms, found 1 plugins.
Preloading 0 native plugins for Editor in 0.00 ms.
Unloading 1962 Unused Serialized files (Serialized files now loaded: 0)
System memory in use before: 94.6 MB.
System memory in use after: 94.6 MB.

Unloading 13 unused Assets to reduce memory usage. Loaded Objects now: 2559.
Total: 5.836700 ms (FindLiveObjects: 1.235200 ms CreateObjectMapping: 0.525000 ms MarkObjects: 3.918100 ms  DeleteObjects: 0.153400 ms)

========================================================================
Received Prepare
Registering precompiled user dll's ...
Registered in 0.002769 seconds.
Begin MonoManager ReloadAssembly
Native extension for WindowsStandalone target not found
Refreshing native plugins compatible for Editor in 0.43 ms, found 1 plugins.
Preloading 0 native plugins for Editor in 0.00 ms.
Mono: successfully reloaded assembly
- Completed reload, in  1.265 seconds
Platform modules already initialized, skipping
Refreshing native plugins compatible for Editor in 0.74 ms, found 1 plugins.
Preloading 0 native plugins for Editor in 0.00 ms.
Unloading 1962 Unused Serialized files (Serialized files now loaded: 0)
System memory in use before: 94.6 MB.
System memory in use after: 94.6 MB.

Unloading 13 unused Assets to reduce memory usage. Loaded Objects now: 2563.
Total: 3.988400 ms (FindLiveObjects: 0.368100 ms CreateObjectMapping: 0.155500 ms MarkObjects: 3.249200 ms  DeleteObjects: 0.214000 ms)

========================================================================
Received Prepare
Registering precompiled user dll's ...
Registered in 0.001248 seconds.
Begin MonoManager ReloadAssembly
Native extension for WindowsStandalone target not found
Refreshing native plugins compatible for Editor in 0.44 ms, found 1 plugins.
Preloading 0 native plugins for Editor in 0.00 ms.
Mono: successfully reloaded assembly
- Completed reload, in  1.277 seconds
Platform modules already initialized, skipping
Refreshing native plugins compatible for Editor in 0.44 ms, found 1 plugins.
Preloading 0 native plugins for Editor in 0.00 ms.
Unloading 1962 Unused Serialized files (Serialized files now loaded: 0)
System memory in use before: 94.6 MB.
System memory in use after: 94.6 MB.

Unloading 13 unused Assets to reduce memory usage. Loaded Objects now: 2567.
Total: 5.328400 ms (FindLiveObjects: 0.757600 ms CreateObjectMapping: 0.610800 ms MarkObjects: 3.766700 ms  DeleteObjects: 0.191500 ms)

========================================================================
Received Prepare
Registering precompiled user dll's ...
Registered in 0.001072 seconds.
Begin MonoManager ReloadAssembly
Native extension for WindowsStandalone target not found
Refreshing native plugins compatible for Editor in 0.46 ms, found 1 plugins.
Preloading 0 native plugins for Editor in 0.00 ms.
Mono: successfully reloaded assembly
- Completed reload, in  1.283 seconds
Platform modules already initialized, skipping
Refreshing native plugins compatible for Editor in 0.42 ms, found 1 plugins.
Preloading 0 native plugins for Editor in 0.00 ms.
Unloading 1962 Unused Serialized files (Serialized files now loaded: 0)
System memory in use before: 94.7 MB.
System memory in use after: 94.6 MB.

Unloading 13 unused Assets to reduce memory usage. Loaded Objects now: 2571.
Total: 2.829700 ms (FindLiveObjects: 0.256400 ms CreateObjectMapping: 0.114800 ms MarkObjects: 2.331700 ms  DeleteObjects: 0.124700 ms)

========================================================================
Received Import Request.
  Time since last request: 1480.070746 seconds.
  path: Assets/Sprites/Camp Objects/CampSignalDistruptor.anim
  artifactKey: Guid(37044765b395f5044b4239ccb7055aeb) Importer(815301076,1909f56bfc062723c751e8b465ee728b)
Start importing Assets/Sprites/Camp Objects/CampSignalDistruptor.anim using Guid(37044765b395f5044b4239ccb7055aeb) Importer(815301076,1909f56bfc062723c751e8b465ee728b)  -> (artifact id: '319ca883fcb34b2ef71d1cf60eb075e2') in 0.030586 seconds
  Import took 0.080226 seconds .

========================================================================
Received Import Request.
  Time since last request: 25.201273 seconds.
  path: Assets/Animations/New Animator Controller.controller
  artifactKey: Guid(696e8e36a2ef5b5468edfaa104df56d1) Importer(815301076,1909f56bfc062723c751e8b465ee728b)
Start importing Assets/Animations/New Animator Controller.controller using Guid(696e8e36a2ef5b5468edfaa104df56d1) Importer(815301076,1909f56bfc062723c751e8b465ee728b)  -> (artifact id: 'd82d1a3b02a88be543cf2cabddf9f732') in 0.026875 seconds
  Import took 0.060339 seconds .

========================================================================
Received Import Request.
  Time since last request: 21.043324 seconds.
  path: Assets/Animations/camp.controller
  artifactKey: Guid(696e8e36a2ef5b5468edfaa104df56d1) Importer(815301076,1909f56bfc062723c751e8b465ee728b)
Start importing Assets/Animations/camp.controller using Guid(696e8e36a2ef5b5468edfaa104df56d1) Importer(815301076,1909f56bfc062723c751e8b465ee728b)  -> (artifact id: '6abeba5535d095cc598074b109f55f69') in 0.004505 seconds
  Import took 0.020715 seconds .

========================================================================
Received Prepare
Registering precompiled user dll's ...
Registered in 0.001272 seconds.
Begin MonoManager ReloadAssembly
Native extension for WindowsStandalone target not found
Refreshing native plugins compatible for Editor in 0.39 ms, found 1 plugins.
Preloading 0 native plugins for Editor in 0.00 ms.
Mono: successfully reloaded assembly
- Completed reload, in  1.147 seconds
Platform modules already initialized, skipping
Refreshing native plugins compatible for Editor in 0.95 ms, found 1 plugins.
Preloading 0 native plugins for Editor in 0.00 ms.
Unloading 1962 Unused Serialized files (Serialized files now loaded: 0)
System memory in use before: 94.7 MB.
System memory in use after: 94.7 MB.

Unloading 13 unused Assets to reduce memory usage. Loaded Objects now: 2575.
Total: 2.845000 ms (FindLiveObjects: 0.242700 ms CreateObjectMapping: 0.104000 ms MarkObjects: 2.321000 ms  DeleteObjects: 0.176100 ms)

